This file contains any messages produced by compilers while
running configure, to aid debugging if configure makes a mistake.

It was created by configure, which was
generated by GNU Autoconf 2.59.  Invocation command line was

  $ ./configure --prefix=/home/jobin/Downloads/mg-1.3.64x.1

## --------- ##
## Platform. ##
## --------- ##

hostname = debian-xw9400
uname -m = x86_64
uname -r = 4.10.1-2-pve
uname -s = Linux
uname -v = #1 SMP PVE 4.10.1-2 (Fri, 10 Mar 2017 10:20:14 +0100)

/usr/bin/uname -p = unknown
/bin/uname -X     = unknown

/bin/arch              = unknown
/usr/bin/arch -k       = unknown
/usr/convex/getsysinfo = unknown
hostinfo               = unknown
/bin/machine           = unknown
/usr/bin/oslevel       = unknown
/bin/universe          = unknown

PATH: /usr/local/bin
PATH: /usr/bin
PATH: /bin
PATH: /usr/local/games
PATH: /usr/games


## ----------- ##
## Core tests. ##
## ----------- ##

configure:1333: checking for gawk
configure:1349: found /usr/bin/gawk
configure:1359: result: gawk
configure:1373: checking for bison
configure:1389: found /usr/bin/bison
configure:1399: result: bison -y
configure:1456: checking for gcc
configure:1472: found /usr/bin/gcc
configure:1482: result: gcc
configure:1726: checking for C compiler version
configure:1729: gcc --version </dev/null >&5
gcc (Debian 6.3.0-18+deb9u1) 6.3.0 20170516
Copyright (C) 2016 Free Software Foundation, Inc.
This is free software; see the source for copying conditions.  There is NO
warranty; not even for MERCHANTABILITY or FITNESS FOR A PARTICULAR PURPOSE.

configure:1732: $? = 0
configure:1734: gcc -v </dev/null >&5
Using built-in specs.
COLLECT_GCC=gcc
COLLECT_LTO_WRAPPER=/usr/lib/gcc/x86_64-linux-gnu/6/lto-wrapper
Target: x86_64-linux-gnu
Configured with: ../src/configure -v --with-pkgversion='Debian 6.3.0-18+deb9u1' --with-bugurl=file:///usr/share/doc/gcc-6/README.Bugs --enable-languages=c,ada,c++,java,go,d,fortran,objc,obj-c++ --prefix=/usr --program-suffix=-6 --program-prefix=x86_64-linux-gnu- --enable-shared --enable-linker-build-id --libexecdir=/usr/lib --without-included-gettext --enable-threads=posix --libdir=/usr/lib --enable-nls --with-sysroot=/ --enable-clocale=gnu --enable-libstdcxx-debug --enable-libstdcxx-time=yes --with-default-libstdcxx-abi=new --enable-gnu-unique-object --disable-vtable-verify --enable-libmpx --enable-plugin --enable-default-pie --with-system-zlib --disable-browser-plugin --enable-java-awt=gtk --enable-gtk-cairo --with-java-home=/usr/lib/jvm/java-1.5.0-gcj-6-amd64/jre --enable-java-home --with-jvm-root-dir=/usr/lib/jvm/java-1.5.0-gcj-6-amd64 --with-jvm-jar-dir=/usr/lib/jvm-exports/java-1.5.0-gcj-6-amd64 --with-arch-directory=amd64 --with-ecj-jar=/usr/share/java/eclipse-ecj.jar --with-target-system-zlib --enable-objc-gc=auto --enable-multiarch --with-arch-32=i686 --with-abi=m64 --with-multilib-list=m32,m64,mx32 --enable-multilib --with-tune=generic --enable-checking=release --build=x86_64-linux-gnu --host=x86_64-linux-gnu --target=x86_64-linux-gnu
Thread model: posix
gcc version 6.3.0 20170516 (Debian 6.3.0-18+deb9u1) 
configure:1737: $? = 0
configure:1739: gcc -V </dev/null >&5
gcc: error: unrecognized command line option '-V'
gcc: fatal error: no input files
compilation terminated.
configure:1742: $? = 1
configure:1765: checking for C compiler default output file name
configure:1768: gcc    conftest.c  >&5
configure:1771: $? = 0
configure:1817: result: a.out
configure:1822: checking whether the C compiler works
configure:1828: ./a.out
configure:1831: $? = 0
configure:1848: result: yes
configure:1855: checking whether we are cross compiling
configure:1857: result: no
configure:1860: checking for suffix of executables
configure:1862: gcc -o conftest    conftest.c  >&5
configure:1865: $? = 0
configure:1890: result: 
configure:1896: checking for suffix of object files
configure:1917: gcc -c   conftest.c >&5
configure:1920: $? = 0
configure:1942: result: o
configure:1946: checking whether we are using the GNU C compiler
configure:1970: gcc -c   conftest.c >&5
configure:1976: $? = 0
configure:1980: test -z 
			 || test ! -s conftest.err
configure:1983: $? = 0
configure:1986: test -s conftest.o
configure:1989: $? = 0
configure:2002: result: yes
configure:2008: checking whether gcc accepts -g
configure:2029: gcc -c -g  conftest.c >&5
configure:2035: $? = 0
configure:2039: test -z 
			 || test ! -s conftest.err
configure:2042: $? = 0
configure:2045: test -s conftest.o
configure:2048: $? = 0
configure:2059: result: yes
configure:2076: checking for gcc option to accept ANSI C
configure:2146: gcc  -c -g -O2  conftest.c >&5
configure:2152: $? = 0
configure:2156: test -z 
			 || test ! -s conftest.err
configure:2159: $? = 0
configure:2162: test -s conftest.o
configure:2165: $? = 0
configure:2183: result: none needed
configure:2201: gcc -c -g -O2  conftest.c >&5
conftest.c:2:3: error: unknown type name 'choke'
   choke me
   ^~~~~
conftest.c:2:3: error: expected '=', ',', ';', 'asm' or '__attribute__' at end of input
configure:2207: $? = 1
configure: failed program was:
| #ifndef __cplusplus
|   choke me
| #endif
configure:2378: checking for a BSD-compatible install
configure:2433: result: /usr/bin/install -c
configure:2444: checking whether ln -s works
configure:2448: result: yes
configure:2455: checking whether make sets $(MAKE)
configure:2475: result: yes
configure:2525: checking for ranlib
configure:2541: found /usr/bin/ranlib
configure:2552: result: ranlib
configure:2571: checking how to run the C preprocessor
configure:2606: gcc -E  conftest.c
configure:2612: $? = 0
configure:2644: gcc -E  conftest.c
conftest.c:11:28: fatal error: ac_nonexistent.h: No such file or directory
 #include <ac_nonexistent.h>
                            ^
compilation terminated.
configure:2650: $? = 1
configure: failed program was:
| /* confdefs.h.  */
| 
| #define PACKAGE_NAME ""
| #define PACKAGE_TARNAME ""
| #define PACKAGE_VERSION ""
| #define PACKAGE_STRING ""
| #define PACKAGE_BUGREPORT ""
| #define PACKAGE "mg"
| #define VERSION "1.3.64x"
| /* end confdefs.h.  */
| #include <ac_nonexistent.h>
configure:2689: result: gcc -E
configure:2713: gcc -E  conftest.c
configure:2719: $? = 0
configure:2751: gcc -E  conftest.c
conftest.c:11:28: fatal error: ac_nonexistent.h: No such file or directory
 #include <ac_nonexistent.h>
                            ^
compilation terminated.
configure:2757: $? = 1
configure: failed program was:
| /* confdefs.h.  */
| 
| #define PACKAGE_NAME ""
| #define PACKAGE_TARNAME ""
| #define PACKAGE_VERSION ""
| #define PACKAGE_STRING ""
| #define PACKAGE_BUGREPORT ""
| #define PACKAGE "mg"
| #define VERSION "1.3.64x"
| /* end confdefs.h.  */
| #include <ac_nonexistent.h>
configure:2801: checking for egrep
configure:2811: result: grep -E
configure:2817: checking for AIX
configure:2839: result: no
configure:2845: checking for library containing strerror
configure:2875: gcc -o conftest -g -O2   conftest.c  >&5
configure:2881: $? = 0
configure:2885: test -z 
			 || test ! -s conftest.err
configure:2888: $? = 0
configure:2891: test -s conftest
configure:2894: $? = 0
configure:2964: result: none required
configure:2971: checking for ANSI C header files
configure:2996: gcc -c -g -O2  conftest.c >&5
configure:3002: $? = 0
configure:3006: test -z 
			 || test ! -s conftest.err
configure:3009: $? = 0
configure:3012: test -s conftest.o
configure:3015: $? = 0
configure:3104: gcc -o conftest -g -O2   conftest.c  >&5
conftest.c: In function 'main':
conftest.c:28:7: warning: implicit declaration of function 'exit' [-Wimplicit-function-declaration]
       exit(2);
       ^~~~
conftest.c:28:7: warning: incompatible implicit declaration of built-in function 'exit'
conftest.c:28:7: note: include '<stdlib.h>' or provide a declaration of 'exit'
conftest.c:29:3: warning: incompatible implicit declaration of built-in function 'exit'
   exit (0);
   ^~~~
conftest.c:29:3: note: include '<stdlib.h>' or provide a declaration of 'exit'
configure:3107: $? = 0
configure:3109: ./conftest
configure:3112: $? = 0
configure:3127: result: yes
configure:3151: checking for sys/types.h
configure:3167: gcc -c -g -O2  conftest.c >&5
configure:3173: $? = 0
configure:3177: test -z 
			 || test ! -s conftest.err
configure:3180: $? = 0
configure:3183: test -s conftest.o
configure:3186: $? = 0
configure:3197: result: yes
configure:3151: checking for sys/stat.h
configure:3167: gcc -c -g -O2  conftest.c >&5
configure:3173: $? = 0
configure:3177: test -z 
			 || test ! -s conftest.err
configure:3180: $? = 0
configure:3183: test -s conftest.o
configure:3186: $? = 0
configure:3197: result: yes
configure:3151: checking for stdlib.h
configure:3167: gcc -c -g -O2  conftest.c >&5
configure:3173: $? = 0
configure:3177: test -z 
			 || test ! -s conftest.err
configure:3180: $? = 0
configure:3183: test -s conftest.o
configure:3186: $? = 0
configure:3197: result: yes
configure:3151: checking for string.h
configure:3167: gcc -c -g -O2  conftest.c >&5
configure:3173: $? = 0
configure:3177: test -z 
			 || test ! -s conftest.err
configure:3180: $? = 0
configure:3183: test -s conftest.o
configure:3186: $? = 0
configure:3197: result: yes
configure:3151: checking for memory.h
configure:3167: gcc -c -g -O2  conftest.c >&5
configure:3173: $? = 0
configure:3177: test -z 
			 || test ! -s conftest.err
configure:3180: $? = 0
configure:3183: test -s conftest.o
configure:3186: $? = 0
configure:3197: result: yes
configure:3151: checking for strings.h
configure:3167: gcc -c -g -O2  conftest.c >&5
configure:3173: $? = 0
configure:3177: test -z 
			 || test ! -s conftest.err
configure:3180: $? = 0
configure:3183: test -s conftest.o
configure:3186: $? = 0
configure:3197: result: yes
configure:3151: checking for inttypes.h
configure:3167: gcc -c -g -O2  conftest.c >&5
configure:3173: $? = 0
configure:3177: test -z 
			 || test ! -s conftest.err
configure:3180: $? = 0
configure:3183: test -s conftest.o
configure:3186: $? = 0
configure:3197: result: yes
configure:3151: checking for stdint.h
configure:3167: gcc -c -g -O2  conftest.c >&5
configure:3173: $? = 0
configure:3177: test -z 
			 || test ! -s conftest.err
configure:3180: $? = 0
configure:3183: test -s conftest.o
configure:3186: $? = 0
configure:3197: result: yes
configure:3151: checking for unistd.h
configure:3167: gcc -c -g -O2  conftest.c >&5
configure:3173: $? = 0
configure:3177: test -z 
			 || test ! -s conftest.err
configure:3180: $? = 0
configure:3183: test -s conftest.o
configure:3186: $? = 0
configure:3197: result: yes
configure:3219: checking minix/config.h usability
configure:3231: gcc -c -g -O2  conftest.c >&5
conftest.c:55:26: fatal error: minix/config.h: No such file or directory
 #include <minix/config.h>
                          ^
compilation terminated.
configure:3237: $? = 1
configure: failed program was:
| /* confdefs.h.  */
| 
| #define PACKAGE_NAME ""
| #define PACKAGE_TARNAME ""
| #define PACKAGE_VERSION ""
| #define PACKAGE_STRING ""
| #define PACKAGE_BUGREPORT ""
| #define PACKAGE "mg"
| #define VERSION "1.3.64x"
| #define STDC_HEADERS 1
| #define HAVE_SYS_TYPES_H 1
| #define HAVE_SYS_STAT_H 1
| #define HAVE_STDLIB_H 1
| #define HAVE_STRING_H 1
| #define HAVE_MEMORY_H 1
| #define HAVE_STRINGS_H 1
| #define HAVE_INTTYPES_H 1
| #define HAVE_STDINT_H 1
| #define HAVE_UNISTD_H 1
| /* end confdefs.h.  */
| #include <stdio.h>
| #if HAVE_SYS_TYPES_H
| # include <sys/types.h>
| #endif
| #if HAVE_SYS_STAT_H
| # include <sys/stat.h>
| #endif
| #if STDC_HEADERS
| # include <stdlib.h>
| # include <stddef.h>
| #else
| # if HAVE_STDLIB_H
| #  include <stdlib.h>
| # endif
| #endif
| #if HAVE_STRING_H
| # if !STDC_HEADERS && HAVE_MEMORY_H
| #  include <memory.h>
| # endif
| # include <string.h>
| #endif
| #if HAVE_STRINGS_H
| # include <strings.h>
| #endif
| #if HAVE_INTTYPES_H
| # include <inttypes.h>
| #else
| # if HAVE_STDINT_H
| #  include <stdint.h>
| # endif
| #endif
| #if HAVE_UNISTD_H
| # include <unistd.h>
| #endif
| #include <minix/config.h>
configure:3260: result: no
configure:3264: checking minix/config.h presence
configure:3274: gcc -E  conftest.c
conftest.c:21:26: fatal error: minix/config.h: No such file or directory
 #include <minix/config.h>
                          ^
compilation terminated.
configure:3280: $? = 1
configure: failed program was:
| /* confdefs.h.  */
| 
| #define PACKAGE_NAME ""
| #define PACKAGE_TARNAME ""
| #define PACKAGE_VERSION ""
| #define PACKAGE_STRING ""
| #define PACKAGE_BUGREPORT ""
| #define PACKAGE "mg"
| #define VERSION "1.3.64x"
| #define STDC_HEADERS 1
| #define HAVE_SYS_TYPES_H 1
| #define HAVE_SYS_STAT_H 1
| #define HAVE_STDLIB_H 1
| #define HAVE_STRING_H 1
| #define HAVE_MEMORY_H 1
| #define HAVE_STRINGS_H 1
| #define HAVE_INTTYPES_H 1
| #define HAVE_STDINT_H 1
| #define HAVE_UNISTD_H 1
| /* end confdefs.h.  */
| #include <minix/config.h>
configure:3300: result: no
configure:3335: checking for minix/config.h
configure:3342: result: no
configure:3371: checking for gcc option to accept ANSI C
configure:3441: result: 
configure:3449: checking for function prototypes
configure:3452: result: yes
configure:3465: checking whether byte ordering is bigendian
configure:3492: gcc -c -g -O2  conftest.c >&5
configure:3498: $? = 0
configure:3502: test -z 
			 || test ! -s conftest.err
configure:3505: $? = 0
configure:3508: test -s conftest.o
configure:3511: $? = 0
configure:3535: gcc -c -g -O2  conftest.c >&5
conftest.c: In function 'main':
conftest.c:29:2: error: unknown type name 'not'
  not big endian
  ^~~
conftest.c:29:10: error: expected '=', ',', ';', 'asm' or '__attribute__' before 'endian'
  not big endian
          ^~~~~~
configure:3541: $? = 1
configure: failed program was:
| /* confdefs.h.  */
| 
| #define PACKAGE_NAME ""
| #define PACKAGE_TARNAME ""
| #define PACKAGE_VERSION ""
| #define PACKAGE_STRING ""
| #define PACKAGE_BUGREPORT ""
| #define PACKAGE "mg"
| #define VERSION "1.3.64x"
| #define STDC_HEADERS 1
| #define HAVE_SYS_TYPES_H 1
| #define HAVE_SYS_STAT_H 1
| #define HAVE_STDLIB_H 1
| #define HAVE_STRING_H 1
| #define HAVE_MEMORY_H 1
| #define HAVE_STRINGS_H 1
| #define HAVE_INTTYPES_H 1
| #define HAVE_STDINT_H 1
| #define HAVE_UNISTD_H 1
| #define PROTOTYPES 1
| /* end confdefs.h.  */
| #include <sys/types.h>
| #include <sys/param.h>
| 
| int
| main ()
| {
| #if BYTE_ORDER != BIG_ENDIAN
|  not big endian
| #endif
| 
|   ;
|   return 0;
| }
configure:3676: result: no
configure:3695: checking for an ANSI C-conforming const
configure:3762: gcc -c -g -O2  conftest.c >&5
configure:3768: $? = 0
configure:3772: test -z 
			 || test ! -s conftest.err
configure:3775: $? = 0
configure:3778: test -s conftest.o
configure:3781: $? = 0
configure:3792: result: yes
configure:3802: checking for off_t
configure:3826: gcc -c -g -O2  conftest.c >&5
configure:3832: $? = 0
configure:3836: test -z 
			 || test ! -s conftest.err
configure:3839: $? = 0
configure:3842: test -s conftest.o
configure:3845: $? = 0
configure:3856: result: yes
configure:3868: checking for size_t
configure:3892: gcc -c -g -O2  conftest.c >&5
configure:3898: $? = 0
configure:3902: test -z 
			 || test ! -s conftest.err
configure:3905: $? = 0
configure:3908: test -s conftest.o
configure:3911: $? = 0
configure:3922: result: yes
configure:3934: checking whether time.h and sys/time.h may both be included
configure:3959: gcc -c -g -O2  conftest.c >&5
configure:3965: $? = 0
configure:3969: test -z 
			 || test ! -s conftest.err
configure:3972: $? = 0
configure:3975: test -s conftest.o
configure:3978: $? = 0
configure:3989: result: yes
configure:3999: checking whether struct tm is in sys/time.h or time.h
configure:4022: gcc -c -g -O2  conftest.c >&5
configure:4028: $? = 0
configure:4032: test -z 
			 || test ! -s conftest.err
configure:4035: $? = 0
configure:4038: test -s conftest.o
configure:4041: $? = 0
configure:4052: result: time.h
configure:4114: checking for cosh in -lm
configure:4144: gcc -o conftest -g -O2   conftest.c -lm   >&5
conftest.c:30:6: warning: conflicting types for built-in function 'cosh'
 char cosh ();
      ^~~~
configure:4150: $? = 0
configure:4154: test -z 
			 || test ! -s conftest.err
configure:4157: $? = 0
configure:4160: test -s conftest
configure:4163: $? = 0
configure:4176: result: yes
configure:4188: checking for tgoto in -ltermcap
configure:4218: gcc -o conftest -g -O2   conftest.c -ltermcap  -lm  >&5
configure:4224: $? = 0
configure:4228: test -z 
			 || test ! -s conftest.err
configure:4231: $? = 0
configure:4234: test -s conftest
configure:4237: $? = 0
configure:4250: result: yes
configure:4262: checking for rl_getc in -lreadline
configure:4292: gcc -o conftest -g -O2   conftest.c -lreadline -ltermcap -ltermcap -lm  >&5
configure:4298: $? = 0
configure:4302: test -z 
			 || test ! -s conftest.err
configure:4305: $? = 0
configure:4308: test -s conftest
configure:4311: $? = 0
configure:4324: result: yes
configure:4344: checking for dirent.h that defines DIR
configure:4368: gcc -c -g -O2  conftest.c >&5
configure:4374: $? = 0
configure:4378: test -z 
			 || test ! -s conftest.err
configure:4381: $? = 0
configure:4384: test -s conftest.o
configure:4387: $? = 0
configure:4398: result: yes
configure:4411: checking for library containing opendir
configure:4441: gcc -o conftest -g -O2   conftest.c -lreadline -ltermcap -lm  >&5
configure:4447: $? = 0
configure:4451: test -z 
			 || test ! -s conftest.err
configure:4454: $? = 0
configure:4457: test -s conftest
configure:4460: $? = 0
configure:4530: result: none required
configure:4666: checking for ANSI C header files
configure:4822: result: yes
configure:4861: checking fcntl.h usability
configure:4873: gcc -c -g -O2  conftest.c >&5
configure:4879: $? = 0
configure:4883: test -z 
			 || test ! -s conftest.err
configure:4886: $? = 0
configure:4889: test -s conftest.o
configure:4892: $? = 0
configure:4902: result: yes
configure:4906: checking fcntl.h presence
configure:4916: gcc -E  conftest.c
configure:4922: $? = 0
configure:4942: result: yes
configure:4977: checking for fcntl.h
configure:4984: result: yes
configure:4861: checking libintl.h usability
configure:4873: gcc -c -g -O2  conftest.c >&5
configure:4879: $? = 0
configure:4883: test -z 
			 || test ! -s conftest.err
configure:4886: $? = 0
configure:4889: test -s conftest.o
configure:4892: $? = 0
configure:4902: result: yes
configure:4906: checking libintl.h presence
configure:4916: gcc -E  conftest.c
configure:4922: $? = 0
configure:4942: result: yes
configure:4977: checking for libintl.h
configure:4984: result: yes
configure:4861: checking limits.h usability
configure:4873: gcc -c -g -O2  conftest.c >&5
configure:4879: $? = 0
configure:4883: test -z 
			 || test ! -s conftest.err
configure:4886: $? = 0
configure:4889: test -s conftest.o
configure:4892: $? = 0
configure:4902: result: yes
configure:4906: checking limits.h presence
configure:4916: gcc -E  conftest.c
configure:4922: $? = 0
configure:4942: result: yes
configure:4977: checking for limits.h
configure:4984: result: yes
configure:4861: checking locale.h usability
configure:4873: gcc -c -g -O2  conftest.c >&5
configure:4879: $? = 0
configure:4883: test -z 
			 || test ! -s conftest.err
configure:4886: $? = 0
configure:4889: test -s conftest.o
configure:4892: $? = 0
configure:4902: result: yes
configure:4906: checking locale.h presence
configure:4916: gcc -E  conftest.c
configure:4922: $? = 0
configure:4942: result: yes
configure:4977: checking for locale.h
configure:4984: result: yes
configure:4852: checking for memory.h
configure:4857: result: yes
configure:4861: checking pathmax.h usability
configure:4873: gcc -c -g -O2  conftest.c >&5
conftest.c:67:21: fatal error: pathmax.h: No such file or directory
 #include <pathmax.h>
                     ^
compilation terminated.
configure:4879: $? = 1
configure: failed program was:
| /* confdefs.h.  */
| 
| #define PACKAGE_NAME ""
| #define PACKAGE_TARNAME ""
| #define PACKAGE_VERSION ""
| #define PACKAGE_STRING ""
| #define PACKAGE_BUGREPORT ""
| #define PACKAGE "mg"
| #define VERSION "1.3.64x"
| #define STDC_HEADERS 1
| #define HAVE_SYS_TYPES_H 1
| #define HAVE_SYS_STAT_H 1
| #define HAVE_STDLIB_H 1
| #define HAVE_STRING_H 1
| #define HAVE_MEMORY_H 1
| #define HAVE_STRINGS_H 1
| #define HAVE_INTTYPES_H 1
| #define HAVE_STDINT_H 1
| #define HAVE_UNISTD_H 1
| #define PROTOTYPES 1
| #define TIME_WITH_SYS_TIME 1
| #define HAVE_LIBM 1
| #define HAVE_LIBTERMCAP 1
| #define HAVE_LIBREADLINE 1
| #define HAVE_DIRENT_H 1
| #define STDC_HEADERS 1
| #define HAVE_FCNTL_H 1
| #define HAVE_LIBINTL_H 1
| #define HAVE_LIMITS_H 1
| #define HAVE_LOCALE_H 1
| #define HAVE_MEMORY_H 1
| /* end confdefs.h.  */
| #include <stdio.h>
| #if HAVE_SYS_TYPES_H
| # include <sys/types.h>
| #endif
| #if HAVE_SYS_STAT_H
| # include <sys/stat.h>
| #endif
| #if STDC_HEADERS
| # include <stdlib.h>
| # include <stddef.h>
| #else
| # if HAVE_STDLIB_H
| #  include <stdlib.h>
| # endif
| #endif
| #if HAVE_STRING_H
| # if !STDC_HEADERS && HAVE_MEMORY_H
| #  include <memory.h>
| # endif
| # include <string.h>
| #endif
| #if HAVE_STRINGS_H
| # include <strings.h>
| #endif
| #if HAVE_INTTYPES_H
| # include <inttypes.h>
| #else
| # if HAVE_STDINT_H
| #  include <stdint.h>
| # endif
| #endif
| #if HAVE_UNISTD_H
| # include <unistd.h>
| #endif
| #include <pathmax.h>
configure:4902: result: no
configure:4906: checking pathmax.h presence
configure:4916: gcc -E  conftest.c
conftest.c:33:21: fatal error: pathmax.h: No such file or directory
 #include <pathmax.h>
                     ^
compilation terminated.
configure:4922: $? = 1
configure: failed program was:
| /* confdefs.h.  */
| 
| #define PACKAGE_NAME ""
| #define PACKAGE_TARNAME ""
| #define PACKAGE_VERSION ""
| #define PACKAGE_STRING ""
| #define PACKAGE_BUGREPORT ""
| #define PACKAGE "mg"
| #define VERSION "1.3.64x"
| #define STDC_HEADERS 1
| #define HAVE_SYS_TYPES_H 1
| #define HAVE_SYS_STAT_H 1
| #define HAVE_STDLIB_H 1
| #define HAVE_STRING_H 1
| #define HAVE_MEMORY_H 1
| #define HAVE_STRINGS_H 1
| #define HAVE_INTTYPES_H 1
| #define HAVE_STDINT_H 1
| #define HAVE_UNISTD_H 1
| #define PROTOTYPES 1
| #define TIME_WITH_SYS_TIME 1
| #define HAVE_LIBM 1
| #define HAVE_LIBTERMCAP 1
| #define HAVE_LIBREADLINE 1
| #define HAVE_DIRENT_H 1
| #define STDC_HEADERS 1
| #define HAVE_FCNTL_H 1
| #define HAVE_LIBINTL_H 1
| #define HAVE_LIMITS_H 1
| #define HAVE_LOCALE_H 1
| #define HAVE_MEMORY_H 1
| /* end confdefs.h.  */
| #include <pathmax.h>
configure:4942: result: no
configure:4977: checking for pathmax.h
configure:4984: result: no
configure:4861: checking readline/chardefs.h usability
configure:4873: gcc -c -g -O2  conftest.c >&5
configure:4879: $? = 0
configure:4883: test -z 
			 || test ! -s conftest.err
configure:4886: $? = 0
configure:4889: test -s conftest.o
configure:4892: $? = 0
configure:4902: result: yes
configure:4906: checking readline/chardefs.h presence
configure:4916: gcc -E  conftest.c
configure:4922: $? = 0
configure:4942: result: yes
configure:4977: checking for readline/chardefs.h
configure:4984: result: yes
configure:4861: checking readline/history.h usability
configure:4873: gcc -c -g -O2  conftest.c >&5
configure:4879: $? = 0
configure:4883: test -z 
			 || test ! -s conftest.err
configure:4886: $? = 0
configure:4889: test -s conftest.o
configure:4892: $? = 0
configure:4902: result: yes
configure:4906: checking readline/history.h presence
configure:4916: gcc -E  conftest.c
configure:4922: $? = 0
configure:4942: result: yes
configure:4977: checking for readline/history.h
configure:4984: result: yes
configure:4861: checking readline/readline.h usability
configure:4873: gcc -c -g -O2  conftest.c >&5
configure:4879: $? = 0
configure:4883: test -z 
			 || test ! -s conftest.err
configure:4886: $? = 0
configure:4889: test -s conftest.o
configure:4892: $? = 0
configure:4902: result: yes
configure:4906: checking readline/readline.h presence
configure:4916: gcc -E  conftest.c
configure:4922: $? = 0
configure:4942: result: yes
configure:4977: checking for readline/readline.h
configure:4984: result: yes
configure:4852: checking for string.h
configure:4857: result: yes
configure:4861: checking sys/param.h usability
configure:4873: gcc -c -g -O2  conftest.c >&5
configure:4879: $? = 0
configure:4883: test -z 
			 || test ! -s conftest.err
configure:4886: $? = 0
configure:4889: test -s conftest.o
configure:4892: $? = 0
configure:4902: result: yes
configure:4906: checking sys/param.h presence
configure:4916: gcc -E  conftest.c
configure:4922: $? = 0
configure:4942: result: yes
configure:4977: checking for sys/param.h
configure:4984: result: yes
configure:4861: checking sys/procfs.h usability
configure:4873: gcc -c -g -O2  conftest.c >&5
configure:4879: $? = 0
configure:4883: test -z 
			 || test ! -s conftest.err
configure:4886: $? = 0
configure:4889: test -s conftest.o
configure:4892: $? = 0
configure:4902: result: yes
configure:4906: checking sys/procfs.h presence
configure:4916: gcc -E  conftest.c
configure:4922: $? = 0
configure:4942: result: yes
configure:4977: checking for sys/procfs.h
configure:4984: result: yes
configure:4861: checking sys/time.h usability
configure:4873: gcc -c -g -O2  conftest.c >&5
configure:4879: $? = 0
configure:4883: test -z 
			 || test ! -s conftest.err
configure:4886: $? = 0
configure:4889: test -s conftest.o
configure:4892: $? = 0
configure:4902: result: yes
configure:4906: checking sys/time.h presence
configure:4916: gcc -E  conftest.c
configure:4922: $? = 0
configure:4942: result: yes
configure:4977: checking for sys/time.h
configure:4984: result: yes
configure:4852: checking for unistd.h
configure:4857: result: yes
configure:5054: checking for working alloca.h
configure:5075: gcc -o conftest -g -O2   conftest.c -lreadline -ltermcap -lm  >&5
configure:5081: $? = 0
configure:5085: test -z 
			 || test ! -s conftest.err
configure:5088: $? = 0
configure:5091: test -s conftest
configure:5094: $? = 0
configure:5106: result: yes
configure:5116: checking for alloca
configure:5157: gcc -o conftest -g -O2   conftest.c -lreadline -ltermcap -lm  >&5
configure:5163: $? = 0
configure:5167: test -z 
			 || test ! -s conftest.err
configure:5170: $? = 0
configure:5173: test -s conftest
configure:5176: $? = 0
configure:5188: result: yes
configure:5412: checking whether gcc needs -traditional
configure:5454: result: no
configure:5461: checking return type of signal handlers
configure:5492: gcc -c -g -O2  conftest.c >&5
configure:5498: $? = 0
configure:5502: test -z 
			 || test ! -s conftest.err
configure:5505: $? = 0
configure:5508: test -s conftest.o
configure:5511: $? = 0
configure:5522: result: void
configure:5534: checking for vprintf
configure:5591: gcc -o conftest -g -O2   conftest.c -lreadline -ltermcap -lm  >&5
conftest.c:70:6: warning: conflicting types for built-in function 'vprintf'
 char vprintf ();
      ^~~~~~~
configure:5597: $? = 0
configure:5601: test -z 
			 || test ! -s conftest.err
configure:5604: $? = 0
configure:5607: test -s conftest
configure:5610: $? = 0
configure:5622: result: yes
configure:5629: checking for _doprnt
configure:5686: gcc -o conftest -g -O2   conftest.c -lreadline -ltermcap -lm  >&5
/tmp/ccVufglM.o: In function `main':
/home/jobin/Downloads/mg-1.3.64x.1/conftest.c:87: undefined reference to `_doprnt'
/tmp/ccVufglM.o:(.data.rel+0x0): undefined reference to `_doprnt'
collect2: error: ld returned 1 exit status
configure:5692: $? = 1
configure: failed program was:
| /* confdefs.h.  */
| 
| #define PACKAGE_NAME ""
| #define PACKAGE_TARNAME ""
| #define PACKAGE_VERSION ""
| #define PACKAGE_STRING ""
| #define PACKAGE_BUGREPORT ""
| #define PACKAGE "mg"
| #define VERSION "1.3.64x"
| #define STDC_HEADERS 1
| #define HAVE_SYS_TYPES_H 1
| #define HAVE_SYS_STAT_H 1
| #define HAVE_STDLIB_H 1
| #define HAVE_STRING_H 1
| #define HAVE_MEMORY_H 1
| #define HAVE_STRINGS_H 1
| #define HAVE_INTTYPES_H 1
| #define HAVE_STDINT_H 1
| #define HAVE_UNISTD_H 1
| #define PROTOTYPES 1
| #define TIME_WITH_SYS_TIME 1
| #define HAVE_LIBM 1
| #define HAVE_LIBTERMCAP 1
| #define HAVE_LIBREADLINE 1
| #define HAVE_DIRENT_H 1
| #define STDC_HEADERS 1
| #define HAVE_FCNTL_H 1
| #define HAVE_LIBINTL_H 1
| #define HAVE_LIMITS_H 1
| #define HAVE_LOCALE_H 1
| #define HAVE_MEMORY_H 1
| #define HAVE_READLINE_CHARDEFS_H 1
| #define HAVE_READLINE_HISTORY_H 1
| #define HAVE_READLINE_READLINE_H 1
| #define HAVE_STRING_H 1
| #define HAVE_SYS_PARAM_H 1
| #define HAVE_SYS_PROCFS_H 1
| #define HAVE_SYS_TIME_H 1
| #define HAVE_UNISTD_H 1
| #define HAVE_FREAD_DECL 1
| #define HAVE_FGETC_DECL 1
| #define HAVE_ALLOCA_H 1
| #define HAVE_ALLOCA 1
| #define RETSIGTYPE void
| #define HAVE_VPRINTF 1
| /* end confdefs.h.  */
| /* Define _doprnt to an innocuous variant, in case <limits.h> declares _doprnt.
|    For example, HP-UX 11i <limits.h> declares gettimeofday.  */
| #define _doprnt innocuous__doprnt
| 
| /* System header to define __stub macros and hopefully few prototypes,
|     which can conflict with char _doprnt (); below.
|     Prefer <limits.h> to <assert.h> if __STDC__ is defined, since
|     <limits.h> exists even on freestanding compilers.  */
| 
| #ifdef __STDC__
| # include <limits.h>
| #else
| # include <assert.h>
| #endif
| 
| #undef _doprnt
| 
| /* Override any gcc2 internal prototype to avoid an error.  */
| #ifdef __cplusplus
| extern "C"
| {
| #endif
| /* We use char because int might match the return type of a gcc2
|    builtin and then its argument prototype would still apply.  */
| char _doprnt ();
| /* The GNU C library defines this for functions which it implements
|     to always fail with ENOSYS.  Some functions are actually named
|     something starting with __ and the normal name is an alias.  */
| #if defined (__stub__doprnt) || defined (__stub____doprnt)
| choke me
| #else
| char (*f) () = _doprnt;
| #endif
| #ifdef __cplusplus
| }
| #endif
| 
| int
| main ()
| {
| return f != _doprnt;
|   ;
|   return 0;
| }
configure:5717: result: no
configure:5750: checking for chsize
configure:5807: gcc -o conftest -g -O2   conftest.c -lreadline -ltermcap -lm  >&5
/tmp/ccpCRvGR.o: In function `main':
/home/jobin/Downloads/mg-1.3.64x.1/conftest.c:87: undefined reference to `chsize'
/tmp/ccpCRvGR.o:(.data.rel+0x0): undefined reference to `chsize'
collect2: error: ld returned 1 exit status
configure:5813: $? = 1
configure: failed program was:
| /* confdefs.h.  */
| 
| #define PACKAGE_NAME ""
| #define PACKAGE_TARNAME ""
| #define PACKAGE_VERSION ""
| #define PACKAGE_STRING ""
| #define PACKAGE_BUGREPORT ""
| #define PACKAGE "mg"
| #define VERSION "1.3.64x"
| #define STDC_HEADERS 1
| #define HAVE_SYS_TYPES_H 1
| #define HAVE_SYS_STAT_H 1
| #define HAVE_STDLIB_H 1
| #define HAVE_STRING_H 1
| #define HAVE_MEMORY_H 1
| #define HAVE_STRINGS_H 1
| #define HAVE_INTTYPES_H 1
| #define HAVE_STDINT_H 1
| #define HAVE_UNISTD_H 1
| #define PROTOTYPES 1
| #define TIME_WITH_SYS_TIME 1
| #define HAVE_LIBM 1
| #define HAVE_LIBTERMCAP 1
| #define HAVE_LIBREADLINE 1
| #define HAVE_DIRENT_H 1
| #define STDC_HEADERS 1
| #define HAVE_FCNTL_H 1
| #define HAVE_LIBINTL_H 1
| #define HAVE_LIMITS_H 1
| #define HAVE_LOCALE_H 1
| #define HAVE_MEMORY_H 1
| #define HAVE_READLINE_CHARDEFS_H 1
| #define HAVE_READLINE_HISTORY_H 1
| #define HAVE_READLINE_READLINE_H 1
| #define HAVE_STRING_H 1
| #define HAVE_SYS_PARAM_H 1
| #define HAVE_SYS_PROCFS_H 1
| #define HAVE_SYS_TIME_H 1
| #define HAVE_UNISTD_H 1
| #define HAVE_FREAD_DECL 1
| #define HAVE_FGETC_DECL 1
| #define HAVE_ALLOCA_H 1
| #define HAVE_ALLOCA 1
| #define RETSIGTYPE void
| #define HAVE_VPRINTF 1
| /* end confdefs.h.  */
| /* Define chsize to an innocuous variant, in case <limits.h> declares chsize.
|    For example, HP-UX 11i <limits.h> declares gettimeofday.  */
| #define chsize innocuous_chsize
| 
| /* System header to define __stub macros and hopefully few prototypes,
|     which can conflict with char chsize (); below.
|     Prefer <limits.h> to <assert.h> if __STDC__ is defined, since
|     <limits.h> exists even on freestanding compilers.  */
| 
| #ifdef __STDC__
| # include <limits.h>
| #else
| # include <assert.h>
| #endif
| 
| #undef chsize
| 
| /* Override any gcc2 internal prototype to avoid an error.  */
| #ifdef __cplusplus
| extern "C"
| {
| #endif
| /* We use char because int might match the return type of a gcc2
|    builtin and then its argument prototype would still apply.  */
| char chsize ();
| /* The GNU C library defines this for functions which it implements
|     to always fail with ENOSYS.  Some functions are actually named
|     something starting with __ and the normal name is an alias.  */
| #if defined (__stub_chsize) || defined (__stub___chsize)
| choke me
| #else
| char (*f) () = chsize;
| #endif
| #ifdef __cplusplus
| }
| #endif
| 
| int
| main ()
| {
| return f != chsize;
|   ;
|   return 0;
| }
configure:5838: result: no
configure:5750: checking for ftime
configure:5807: gcc -o conftest -g -O2   conftest.c -lreadline -ltermcap -lm  >&5
configure:5813: $? = 0
configure:5817: test -z 
			 || test ! -s conftest.err
configure:5820: $? = 0
configure:5823: test -s conftest
configure:5826: $? = 0
configure:5838: result: yes
configure:5750: checking for getpagesize
configure:5807: gcc -o conftest -g -O2   conftest.c -lreadline -ltermcap -lm  >&5
configure:5813: $? = 0
configure:5817: test -z 
			 || test ! -s conftest.err
configure:5820: $? = 0
configure:5823: test -s conftest
configure:5826: $? = 0
configure:5838: result: yes
configure:5750: checking for getrusage
configure:5807: gcc -o conftest -g -O2   conftest.c -lreadline -ltermcap -lm  >&5
configure:5813: $? = 0
configure:5817: test -z 
			 || test ! -s conftest.err
configure:5820: $? = 0
configure:5823: test -s conftest
configure:5826: $? = 0
configure:5838: result: yes
configure:5750: checking for isascii
configure:5807: gcc -o conftest -g -O2   conftest.c -lreadline -ltermcap -lm  >&5
conftest.c:74:6: warning: conflicting types for built-in function 'isascii'
 char isascii ();
      ^~~~~~~
configure:5813: $? = 0
configure:5817: test -z 
			 || test ! -s conftest.err
configure:5820: $? = 0
configure:5823: test -s conftest
configure:5826: $? = 0
configure:5838: result: yes
configure:5750: checking for mallinfo
configure:5807: gcc -o conftest -g -O2   conftest.c -lreadline -ltermcap -lm  >&5
configure:5813: $? = 0
configure:5817: test -z 
			 || test ! -s conftest.err
configure:5820: $? = 0
configure:5823: test -s conftest
configure:5826: $? = 0
configure:5838: result: yes
configure:5750: checking for select
configure:5807: gcc -o conftest -g -O2   conftest.c -lreadline -ltermcap -lm  >&5
configure:5813: $? = 0
configure:5817: test -z 
			 || test ! -s conftest.err
configure:5820: $? = 0
configure:5823: test -s conftest
configure:5826: $? = 0
configure:5838: result: yes
configure:5750: checking for setbuffer
configure:5807: gcc -o conftest -g -O2   conftest.c -lreadline -ltermcap -lm  >&5
configure:5813: $? = 0
configure:5817: test -z 
			 || test ! -s conftest.err
configure:5820: $? = 0
configure:5823: test -s conftest
configure:5826: $? = 0
configure:5838: result: yes
configure:5750: checking for setlocale
configure:5807: gcc -o conftest -g -O2   conftest.c -lreadline -ltermcap -lm  >&5
configure:5813: $? = 0
configure:5817: test -z 
			 || test ! -s conftest.err
configure:5820: $? = 0
configure:5823: test -s conftest
configure:5826: $? = 0
configure:5838: result: yes
configure:5750: checking for sigcontext
configure:5807: gcc -o conftest -g -O2   conftest.c -lreadline -ltermcap -lm  >&5
/tmp/ccfEerjJ.o: In function `main':
/home/jobin/Downloads/mg-1.3.64x.1/conftest.c:95: undefined reference to `sigcontext'
/tmp/ccfEerjJ.o:(.data.rel+0x0): undefined reference to `sigcontext'
collect2: error: ld returned 1 exit status
configure:5813: $? = 1
configure: failed program was:
| /* confdefs.h.  */
| 
| #define PACKAGE_NAME ""
| #define PACKAGE_TARNAME ""
| #define PACKAGE_VERSION ""
| #define PACKAGE_STRING ""
| #define PACKAGE_BUGREPORT ""
| #define PACKAGE "mg"
| #define VERSION "1.3.64x"
| #define STDC_HEADERS 1
| #define HAVE_SYS_TYPES_H 1
| #define HAVE_SYS_STAT_H 1
| #define HAVE_STDLIB_H 1
| #define HAVE_STRING_H 1
| #define HAVE_MEMORY_H 1
| #define HAVE_STRINGS_H 1
| #define HAVE_INTTYPES_H 1
| #define HAVE_STDINT_H 1
| #define HAVE_UNISTD_H 1
| #define PROTOTYPES 1
| #define TIME_WITH_SYS_TIME 1
| #define HAVE_LIBM 1
| #define HAVE_LIBTERMCAP 1
| #define HAVE_LIBREADLINE 1
| #define HAVE_DIRENT_H 1
| #define STDC_HEADERS 1
| #define HAVE_FCNTL_H 1
| #define HAVE_LIBINTL_H 1
| #define HAVE_LIMITS_H 1
| #define HAVE_LOCALE_H 1
| #define HAVE_MEMORY_H 1
| #define HAVE_READLINE_CHARDEFS_H 1
| #define HAVE_READLINE_HISTORY_H 1
| #define HAVE_READLINE_READLINE_H 1
| #define HAVE_STRING_H 1
| #define HAVE_SYS_PARAM_H 1
| #define HAVE_SYS_PROCFS_H 1
| #define HAVE_SYS_TIME_H 1
| #define HAVE_UNISTD_H 1
| #define HAVE_FREAD_DECL 1
| #define HAVE_FGETC_DECL 1
| #define HAVE_ALLOCA_H 1
| #define HAVE_ALLOCA 1
| #define RETSIGTYPE void
| #define HAVE_VPRINTF 1
| #define HAVE_FTIME 1
| #define HAVE_GETPAGESIZE 1
| #define HAVE_GETRUSAGE 1
| #define HAVE_ISASCII 1
| #define HAVE_MALLINFO 1
| #define HAVE_SELECT 1
| #define HAVE_SETBUFFER 1
| #define HAVE_SETLOCALE 1
| /* end confdefs.h.  */
| /* Define sigcontext to an innocuous variant, in case <limits.h> declares sigcontext.
|    For example, HP-UX 11i <limits.h> declares gettimeofday.  */
| #define sigcontext innocuous_sigcontext
| 
| /* System header to define __stub macros and hopefully few prototypes,
|     which can conflict with char sigcontext (); below.
|     Prefer <limits.h> to <assert.h> if __STDC__ is defined, since
|     <limits.h> exists even on freestanding compilers.  */
| 
| #ifdef __STDC__
| # include <limits.h>
| #else
| # include <assert.h>
| #endif
| 
| #undef sigcontext
| 
| /* Override any gcc2 internal prototype to avoid an error.  */
| #ifdef __cplusplus
| extern "C"
| {
| #endif
| /* We use char because int might match the return type of a gcc2
|    builtin and then its argument prototype would still apply.  */
| char sigcontext ();
| /* The GNU C library defines this for functions which it implements
|     to always fail with ENOSYS.  Some functions are actually named
|     something starting with __ and the normal name is an alias.  */
| #if defined (__stub_sigcontext) || defined (__stub___sigcontext)
| choke me
| #else
| char (*f) () = sigcontext;
| #endif
| #ifdef __cplusplus
| }
| #endif
| 
| int
| main ()
| {
| return f != sigcontext;
|   ;
|   return 0;
| }
configure:5838: result: no
configure:5750: checking for strerror
configure:5807: gcc -o conftest -g -O2   conftest.c -lreadline -ltermcap -lm  >&5
configure:5813: $? = 0
configure:5817: test -z 
			 || test ! -s conftest.err
configure:5820: $? = 0
configure:5823: test -s conftest
configure:5826: $? = 0
configure:5838: result: yes
configure:5750: checking for strftime
configure:5807: gcc -o conftest -g -O2   conftest.c -lreadline -ltermcap -lm  >&5
conftest.c:80:6: warning: conflicting types for built-in function 'strftime'
 char strftime ();
      ^~~~~~~~
configure:5813: $? = 0
configure:5817: test -z 
			 || test ! -s conftest.err
configure:5820: $? = 0
configure:5823: test -s conftest
configure:5826: $? = 0
configure:5838: result: yes
configure:5750: checking for strtol
configure:5807: gcc -o conftest -g -O2   conftest.c -lreadline -ltermcap -lm  >&5
configure:5813: $? = 0
configure:5817: test -z 
			 || test ! -s conftest.err
configure:5820: $? = 0
configure:5823: test -s conftest
configure:5826: $? = 0
configure:5838: result: yes
configure:5750: checking for times
configure:5807: gcc -o conftest -g -O2   conftest.c -lreadline -ltermcap -lm  >&5
configure:5813: $? = 0
configure:5817: test -z 
			 || test ! -s conftest.err
configure:5820: $? = 0
configure:5823: test -s conftest
configure:5826: $? = 0
configure:5838: result: yes
configure:5854: checking for ftruncate
configure:5911: gcc -o conftest -g -O2   conftest.c -lreadline -ltermcap -lm  >&5
configure:5917: $? = 0
configure:5921: test -z 
			 || test ! -s conftest.err
configure:5924: $? = 0
configure:5927: test -s conftest
configure:5930: $? = 0
configure:5942: result: yes
configure:5854: checking for strstr
configure:5911: gcc -o conftest -g -O2   conftest.c -lreadline -ltermcap -lm  >&5
conftest.c:84:6: warning: conflicting types for built-in function 'strstr'
 char strstr ();
      ^~~~~~
configure:5917: $? = 0
configure:5921: test -z 
			 || test ! -s conftest.err
configure:5924: $? = 0
configure:5927: test -s conftest
configure:5930: $? = 0
configure:5942: result: yes
configure:5854: checking for strcasecmp
configure:5911: gcc -o conftest -g -O2   conftest.c -lreadline -ltermcap -lm  >&5
conftest.c:85:6: warning: conflicting types for built-in function 'strcasecmp'
 char strcasecmp ();
      ^~~~~~~~~~
configure:5917: $? = 0
configure:5921: test -z 
			 || test ! -s conftest.err
configure:5924: $? = 0
configure:5927: test -s conftest
configure:5930: $? = 0
configure:5942: result: yes
configure:5963: checking whether fileno is declared
configure:5987: gcc -c -g -O2  conftest.c >&5
configure:5993: $? = 0
configure:5997: test -z 
			 || test ! -s conftest.err
configure:6000: $? = 0
configure:6003: test -s conftest.o
configure:6006: $? = 0
configure:6017: result: yes
configure:6033: checking whether popen is declared
configure:6057: gcc -c -g -O2  conftest.c >&5
configure:6063: $? = 0
configure:6067: test -z 
			 || test ! -s conftest.err
configure:6070: $? = 0
configure:6073: test -s conftest.o
configure:6076: $? = 0
configure:6087: result: yes
configure:6108: checking for HP-UX needing gmalloc
configure:6126: result: no
configure:6132: checking for valloc
configure:6189: gcc -o conftest -g -O2   conftest.c -lreadline -ltermcap -lm  >&5
configure:6195: $? = 0
configure:6199: test -z 
			 || test ! -s conftest.err
configure:6202: $? = 0
configure:6205: test -s conftest
configure:6208: $? = 0
configure:6220: result: yes
configure:6232: checking if malloc debugging is wanted
configure:6252: result: no
configure:6256: checking which of rx or regex is wanted
configure:6281: result: rx
configure:6283: checking for re_rx_search
configure:6340: gcc -o conftest -g -O2   conftest.c -lreadline -ltermcap -lm  >&5
/tmp/ccT7CX5A.o: In function `main':
/home/jobin/Downloads/mg-1.3.64x.1/conftest.c:105: undefined reference to `re_rx_search'
/tmp/ccT7CX5A.o:(.data.rel+0x0): undefined reference to `re_rx_search'
collect2: error: ld returned 1 exit status
configure:6346: $? = 1
configure: failed program was:
| /* confdefs.h.  */
| 
| #define PACKAGE_NAME ""
| #define PACKAGE_TARNAME ""
| #define PACKAGE_VERSION ""
| #define PACKAGE_STRING ""
| #define PACKAGE_BUGREPORT ""
| #define PACKAGE "mg"
| #define VERSION "1.3.64x"
| #define STDC_HEADERS 1
| #define HAVE_SYS_TYPES_H 1
| #define HAVE_SYS_STAT_H 1
| #define HAVE_STDLIB_H 1
| #define HAVE_STRING_H 1
| #define HAVE_MEMORY_H 1
| #define HAVE_STRINGS_H 1
| #define HAVE_INTTYPES_H 1
| #define HAVE_STDINT_H 1
| #define HAVE_UNISTD_H 1
| #define PROTOTYPES 1
| #define TIME_WITH_SYS_TIME 1
| #define HAVE_LIBM 1
| #define HAVE_LIBTERMCAP 1
| #define HAVE_LIBREADLINE 1
| #define HAVE_DIRENT_H 1
| #define STDC_HEADERS 1
| #define HAVE_FCNTL_H 1
| #define HAVE_LIBINTL_H 1
| #define HAVE_LIMITS_H 1
| #define HAVE_LOCALE_H 1
| #define HAVE_MEMORY_H 1
| #define HAVE_READLINE_CHARDEFS_H 1
| #define HAVE_READLINE_HISTORY_H 1
| #define HAVE_READLINE_READLINE_H 1
| #define HAVE_STRING_H 1
| #define HAVE_SYS_PARAM_H 1
| #define HAVE_SYS_PROCFS_H 1
| #define HAVE_SYS_TIME_H 1
| #define HAVE_UNISTD_H 1
| #define HAVE_FREAD_DECL 1
| #define HAVE_FGETC_DECL 1
| #define HAVE_ALLOCA_H 1
| #define HAVE_ALLOCA 1
| #define RETSIGTYPE void
| #define HAVE_VPRINTF 1
| #define HAVE_FTIME 1
| #define HAVE_GETPAGESIZE 1
| #define HAVE_GETRUSAGE 1
| #define HAVE_ISASCII 1
| #define HAVE_MALLINFO 1
| #define HAVE_SELECT 1
| #define HAVE_SETBUFFER 1
| #define HAVE_SETLOCALE 1
| #define HAVE_STRERROR 1
| #define HAVE_STRFTIME 1
| #define HAVE_STRTOL 1
| #define HAVE_TIMES 1
| #define HAVE_FTRUNCATE 1
| #define HAVE_STRSTR 1
| #define HAVE_STRCASECMP 1
| #define HAVE_DECL_FILENO 1
| #define HAVE_DECL_POPEN 1
| #define HAVE_VALLOC 1
| /* end confdefs.h.  */
| /* Define re_rx_search to an innocuous variant, in case <limits.h> declares re_rx_search.
|    For example, HP-UX 11i <limits.h> declares gettimeofday.  */
| #define re_rx_search innocuous_re_rx_search
| 
| /* System header to define __stub macros and hopefully few prototypes,
|     which can conflict with char re_rx_search (); below.
|     Prefer <limits.h> to <assert.h> if __STDC__ is defined, since
|     <limits.h> exists even on freestanding compilers.  */
| 
| #ifdef __STDC__
| # include <limits.h>
| #else
| # include <assert.h>
| #endif
| 
| #undef re_rx_search
| 
| /* Override any gcc2 internal prototype to avoid an error.  */
| #ifdef __cplusplus
| extern "C"
| {
| #endif
| /* We use char because int might match the return type of a gcc2
|    builtin and then its argument prototype would still apply.  */
| char re_rx_search ();
| /* The GNU C library defines this for functions which it implements
|     to always fail with ENOSYS.  Some functions are actually named
|     something starting with __ and the normal name is an alias.  */
| #if defined (__stub_re_rx_search) || defined (__stub___re_rx_search)
| choke me
| #else
| char (*f) () = re_rx_search;
| #endif
| #ifdef __cplusplus
| }
| #endif
| 
| int
| main ()
| {
| return f != re_rx_search;
|   ;
|   return 0;
| }
configure:6371: result: no
configure:6509: creating ./config.status

## ---------------------- ##
## Running config.status. ##
## ---------------------- ##

This file was extended by config.status, which was
generated by GNU Autoconf 2.59.  Invocation command line was

  CONFIG_FILES    = 
  CONFIG_HEADERS  = 
  CONFIG_LINKS    = 
  CONFIG_COMMANDS = 
  $ ./config.status 

on debian-xw9400

config.status:671: creating Makefile
config.status:671: creating src/text/Makefile
config.status:671: creating src/images/Makefile
config.status:671: creating src/scripts/Makefile
config.status:671: creating lib/Makefile
config.status:671: creating test/Makefile
config.status:775: creating config.h
config.status:987: config.h is unchanged
config.status:1145: executing default commands

## ---------------- ##
## Cache variables. ##
## ---------------- ##

ac_cv_c_bigendian=no
ac_cv_c_compiler_gnu=yes
ac_cv_c_const=yes
ac_cv_env_CC_set=
ac_cv_env_CC_value=
ac_cv_env_CFLAGS_set=
ac_cv_env_CFLAGS_value=
ac_cv_env_CPPFLAGS_set=
ac_cv_env_CPPFLAGS_value=
ac_cv_env_CPP_set=
ac_cv_env_CPP_value=
ac_cv_env_LDFLAGS_set=
ac_cv_env_LDFLAGS_value=
ac_cv_env_build_alias_set=
ac_cv_env_build_alias_value=
ac_cv_env_host_alias_set=
ac_cv_env_host_alias_value=
ac_cv_env_target_alias_set=
ac_cv_env_target_alias_value=
ac_cv_exeext=
ac_cv_func__doprnt=no
ac_cv_func_alloca_works=yes
ac_cv_func_chsize=no
ac_cv_func_ftime=yes
ac_cv_func_ftruncate=yes
ac_cv_func_getpagesize=yes
ac_cv_func_getrusage=yes
ac_cv_func_isascii=yes
ac_cv_func_mallinfo=yes
ac_cv_func_re_rx_search=no
ac_cv_func_select=yes
ac_cv_func_setbuffer=yes
ac_cv_func_setlocale=yes
ac_cv_func_sigcontext=no
ac_cv_func_strcasecmp=yes
ac_cv_func_strerror=yes
ac_cv_func_strftime=yes
ac_cv_func_strstr=yes
ac_cv_func_strtol=yes
ac_cv_func_times=yes
ac_cv_func_valloc=yes
ac_cv_func_vprintf=yes
ac_cv_have_decl_fileno=yes
ac_cv_have_decl_popen=yes
ac_cv_header_dirent_dirent_h=yes
ac_cv_header_fcntl_h=yes
ac_cv_header_inttypes_h=yes
ac_cv_header_libintl_h=yes
ac_cv_header_limits_h=yes
ac_cv_header_locale_h=yes
ac_cv_header_memory_h=yes
ac_cv_header_minix_config_h=no
ac_cv_header_pathmax_h=no
ac_cv_header_readline_chardefs_h=yes
ac_cv_header_readline_history_h=yes
ac_cv_header_readline_readline_h=yes
ac_cv_header_stdc=yes
ac_cv_header_stdint_h=yes
ac_cv_header_stdlib_h=yes
ac_cv_header_string_h=yes
ac_cv_header_strings_h=yes
ac_cv_header_sys_param_h=yes
ac_cv_header_sys_procfs_h=yes
ac_cv_header_sys_stat_h=yes
ac_cv_header_sys_time_h=yes
ac_cv_header_sys_types_h=yes
ac_cv_header_time=yes
ac_cv_header_unistd_h=yes
ac_cv_lib_m_cosh=yes
ac_cv_lib_readline_rl_getc=yes
ac_cv_lib_termcap_tgoto=yes
ac_cv_objext=o
ac_cv_path_install='/usr/bin/install -c'
ac_cv_prog_AWK=gawk
ac_cv_prog_CPP='gcc -E'
ac_cv_prog_YACC='bison -y'
ac_cv_prog_ac_ct_CC=gcc
ac_cv_prog_ac_ct_RANLIB=ranlib
ac_cv_prog_cc_g=yes
ac_cv_prog_cc_stdc=
ac_cv_prog_egrep='grep -E'
ac_cv_prog_gcc_traditional=no
ac_cv_prog_make_make_set=yes
ac_cv_search_opendir='none required'
ac_cv_search_strerror='none required'
ac_cv_struct_tm=time.h
ac_cv_type_off_t=yes
ac_cv_type_signal=void
ac_cv_type_size_t=yes
ac_cv_working_alloca_h=yes

## ----------------- ##
## Output variables. ##
## ----------------- ##

ALLOCA=''
ANSI2KNR=''
AWK='gawk'
CC='gcc'
CFLAGS='-g -O2'
CPP='gcc -E'
CPPFLAGS=''
DEFS='-DHAVE_CONFIG_H'
ECHO_C=''
ECHO_N='-n'
ECHO_T=''
EGREP='grep -E'
EXEEXT=''
INSTALL_DATA='${INSTALL} -m 644'
INSTALL_PROGRAM='${INSTALL}'
INSTALL_SCRIPT='${INSTALL}'
LDFLAGS=''
LIBOBJS=' rx$U.o'
LIBS='-lreadline -ltermcap -lm '
LN_S='ln -s'
LTLIBOBJS=' rx$U.lo'
OBJEXT='o'
PACKAGE='mg'
PACKAGE_BUGREPORT=''
PACKAGE_NAME=''
PACKAGE_STRING=''
PACKAGE_TARNAME=''
PACKAGE_VERSION=''
PATH_SEPARATOR=':'
RANLIB='ranlib'
SET_MAKE=''
SHELL='/bin/bash'
U=''
VERSION='1.3.64x'
YACC='bison -y'
ac_ct_CC='gcc'
ac_ct_RANLIB='ranlib'
bindir='${exec_prefix}/bin'
build_alias=''
datadir='${prefix}/share'
exec_prefix='${prefix}'
host_alias=''
includedir='${prefix}/include'
infodir='${prefix}/info'
libdir='${exec_prefix}/lib'
libexecdir='${exec_prefix}/libexec'
localstatedir='${prefix}/var'
mandir='${prefix}/man'
oldincludedir='/usr/include'
prefix='/home/jobin/Downloads/mg-1.3.64x.1'
program_transform_name='s,x,x,'
sbindir='${exec_prefix}/sbin'
sharedstatedir='${prefix}/com'
sysconfdir='${prefix}/etc'
target_alias=''

## ----------- ##
## confdefs.h. ##
## ----------- ##

#define HAVE_ALLOCA 1
#define HAVE_ALLOCA_H 1
#define HAVE_DECL_FILENO 1
#define HAVE_DECL_POPEN 1
#define HAVE_DIRENT_H 1
#define HAVE_FCNTL_H 1
#define HAVE_FGETC_DECL 1
#define HAVE_FREAD_DECL 1
#define HAVE_FTIME 1
#define HAVE_FTRUNCATE 1
#define HAVE_GETPAGESIZE 1
#define HAVE_GETRUSAGE 1
#define HAVE_INTTYPES_H 1
#define HAVE_ISASCII 1
#define HAVE_LIBINTL_H 1
#define HAVE_LIBM 1
#define HAVE_LIBREADLINE 1
#define HAVE_LIBTERMCAP 1
#define HAVE_LIMITS_H 1
#define HAVE_LOCALE_H 1
#define HAVE_MALLINFO 1
#define HAVE_MEMORY_H 1
#define HAVE_MEMORY_H 1
#define HAVE_READLINE_CHARDEFS_H 1
#define HAVE_READLINE_HISTORY_H 1
#define HAVE_READLINE_READLINE_H 1
#define HAVE_SELECT 1
#define HAVE_SETBUFFER 1
#define HAVE_SETLOCALE 1
#define HAVE_STDINT_H 1
#define HAVE_STDLIB_H 1
#define HAVE_STRCASECMP 1
#define HAVE_STRERROR 1
#define HAVE_STRFTIME 1
#define HAVE_STRINGS_H 1
#define HAVE_STRING_H 1
#define HAVE_STRING_H 1
#define HAVE_STRSTR 1
#define HAVE_STRTOL 1
#define HAVE_SYS_PARAM_H 1
#define HAVE_SYS_PROCFS_H 1
#define HAVE_SYS_STAT_H 1
#define HAVE_SYS_TIME_H 1
#define HAVE_SYS_TYPES_H 1
#define HAVE_TIMES 1
#define HAVE_UNISTD_H 1
#define HAVE_UNISTD_H 1
#define HAVE_VALLOC 1
#define HAVE_VPRINTF 1
#define PACKAGE "mg"
#define PACKAGE_BUGREPORT ""
#define PACKAGE_NAME ""
#define PACKAGE_STRING ""
#define PACKAGE_TARNAME ""
#define PACKAGE_VERSION ""
#define PROTOTYPES 1
#define RETSIGTYPE void
#define STDC_HEADERS 1
#define STDC_HEADERS 1
#define TIME_WITH_SYS_TIME 1
#define VERSION "1.3.64x"

configure: exit 0
